<?xml version="1.0" encoding="UTF-8"?>
<!-- Generated by org.testng.reporters.JUnitXMLReporter -->
<testsuite hostname="D-441008571" ignored="6" name="Test" tests="4" failures="0" timestamp="15 Feb 2018 06:03:22 GMT" time="495.988" errors="0">
  <testcase name="Register_addtocart" time="98.403" classname="com.wipro.opencarttest.RegistrationAndAddToCart"/>
  <testcase name="Orderhistory" time="114.138" classname="com.wipro.opencarttest.OrderHistory"/>
  <testcase name="prodcomp" time="102.533" classname="com.wipro.opencarttest.Product_Comparison"/>
  <testcase name="Addphones" time="131.531" classname="com.wipro.opencarttest.AddingPhones"/>
  <testcase name="@AfterSuite endReport" time="0.0" classname="com.wipro.opencarttest.method">
    <ignored/>
  </testcase> <!-- @AfterSuite endReport -->
  <testcase name="@AfterSuite endReport" time="0.0" classname="com.wipro.opencarttest.method">
    <ignored/>
  </testcase> <!-- @AfterSuite endReport -->
  <testcase name="@AfterSuite endReport" time="0.0" classname="com.wipro.opencarttest.method">
    <ignored/>
  </testcase> <!-- @AfterSuite endReport -->
  <testcase name="@BeforeSuite startReport" time="0.0" classname="com.wipro.opencarttest.method">
    <ignored/>
  </testcase> <!-- @BeforeSuite startReport -->
  <testcase name="@BeforeSuite startReport" time="0.0" classname="com.wipro.opencarttest.method">
    <ignored/>
  </testcase> <!-- @BeforeSuite startReport -->
  <testcase name="@BeforeSuite startReport" time="0.0" classname="com.wipro.opencarttest.method">
    <ignored/>
  </testcase> <!-- @BeforeSuite startReport -->
</testsuite> <!-- Test -->
