<?xml version="1.0" encoding="UTF-8"?>
<testng-results skipped="0" failed="0" ignored="6" total="10" passed="4">
  <reporter-output>
  </reporter-output>
  <suite name="Suite" duration-ms="495988" started-at="2018-02-15T05:55:06Z" finished-at="2018-02-15T06:03:22Z">
    <groups>
    </groups>
    <test name="Test" duration-ms="495988" started-at="2018-02-15T05:55:06Z" finished-at="2018-02-15T06:03:22Z">
      <class name="com.wipro.opencarttest.Product_Comparison">
        <test-method status="PASS" signature="start()[pri:0, instance:com.wipro.opencarttest.Product_Comparison@7cd62f43]" name="start" is-config="true" duration-ms="3784" started-at="2018-02-15T11:29:03Z" finished-at="2018-02-15T11:29:07Z">
          <reporter-output>
          </reporter-output>
        </test-method> <!-- start -->
        <test-method status="PASS" signature="prodcomp(java.lang.String, java.lang.String, java.lang.String, java.lang.String, java.lang.String, java.lang.String)[pri:0, instance:com.wipro.opencarttest.Product_Comparison@7cd62f43]" name="prodcomp" duration-ms="102533" started-at="2018-02-15T11:29:07Z" data-provider="ex_read_ord" finished-at="2018-02-15T11:30:49Z">
          <params>
            <param index="0">
              <value>
                <![CDATA[suhasini.seerla@wipro.com]]>
              </value>
            </param>
            <param index="1">
              <value>
                <![CDATA[suhasini]]>
              </value>
            </param>
            <param index="2">
              <value>
                <![CDATA[1]]>
              </value>
            </param>
            <param index="3">
              <value>
                <![CDATA[apple]]>
              </value>
            </param>
            <param index="4">
              <value>
                <![CDATA[hello]]>
              </value>
            </param>
            <param index="5">
              <value>
                <![CDATA[Sample order placed]]>
              </value>
            </param>
          </params>
          <reporter-output>
          </reporter-output>
        </test-method> <!-- prodcomp -->
        <test-method status="PASS" signature="end()[pri:0, instance:com.wipro.opencarttest.Product_Comparison@7cd62f43]" name="end" is-config="true" duration-ms="6755" started-at="2018-02-15T11:30:50Z" finished-at="2018-02-15T11:30:56Z">
          <reporter-output>
          </reporter-output>
        </test-method> <!-- end -->
      </class> <!-- com.wipro.opencarttest.Product_Comparison -->
      <class name="com.wipro.opencarttest.RegistrationAndAddToCart">
        <test-method status="PASS" signature="startReport()[pri:0, instance:com.wipro.opencarttest.RegistrationAndAddToCart@685cb137]" name="startReport" is-config="true" duration-ms="63" started-at="2018-02-15T11:25:06Z" finished-at="2018-02-15T11:25:06Z">
          <reporter-output>
          </reporter-output>
        </test-method> <!-- startReport -->
        <test-method status="PASS" signature="start()[pri:0, instance:com.wipro.opencarttest.RegistrationAndAddToCart@685cb137]" name="start" is-config="true" duration-ms="7313" started-at="2018-02-15T11:25:06Z" finished-at="2018-02-15T11:25:13Z">
          <reporter-output>
          </reporter-output>
        </test-method> <!-- start -->
        <test-method status="PASS" signature="Register_addtocart(java.lang.String, java.lang.String, java.lang.String, java.lang.String, java.lang.String, java.lang.String, java.lang.String, java.lang.String, java.lang.String, java.lang.String, java.lang.String, java.lang.String, java.lang.String)[pri:0, instance:com.wipro.opencarttest.RegistrationAndAddToCart@685cb137]" name="Register_addtocart" duration-ms="98403" started-at="2018-02-15T11:25:14Z" data-provider="ex_read_reg" finished-at="2018-02-15T11:26:52Z">
          <params>
            <param index="0">
              <value>
                <![CDATA[Suhasini]]>
              </value>
            </param>
            <param index="1">
              <value>
                <![CDATA[Seerla]]>
              </value>
            </param>
            <param index="2">
              <value>
                <![CDATA[suhasini.seerla@wipro.com]]>
              </value>
            </param>
            <param index="3">
              <value>
                <![CDATA[9533807636]]>
              </value>
            </param>
            <param index="4">
              <value>
                <![CDATA[gopannapally]]>
              </value>
            </param>
            <param index="5">
              <value>
                <![CDATA[Hyderabad]]>
              </value>
            </param>
            <param index="6">
              <value>
                <![CDATA[500090]]>
              </value>
            </param>
            <param index="7">
              <value>
                <![CDATA[India]]>
              </value>
            </param>
            <param index="8">
              <value>
                <![CDATA[Andhra Pradesh]]>
              </value>
            </param>
            <param index="9">
              <value>
                <![CDATA[suhasini]]>
              </value>
            </param>
            <param index="10">
              <value>
                <![CDATA[Suhasini Seerla]]>
              </value>
            </param>
            <param index="11">
              <value>
                <![CDATA[very nice product.Good feedback.Thanks for the product.]]>
              </value>
            </param>
            <param index="12">
              <value>
                <![CDATA[3]]>
              </value>
            </param>
          </params>
          <reporter-output>
          </reporter-output>
        </test-method> <!-- Register_addtocart -->
        <test-method status="PASS" signature="end()[pri:0, instance:com.wipro.opencarttest.RegistrationAndAddToCart@685cb137]" name="end" is-config="true" duration-ms="5011" started-at="2018-02-15T11:26:52Z" finished-at="2018-02-15T11:26:57Z">
          <reporter-output>
          </reporter-output>
        </test-method> <!-- end -->
        <test-method status="PASS" signature="endReport()[pri:0, instance:com.wipro.opencarttest.RegistrationAndAddToCart@685cb137]" name="endReport" is-config="true" duration-ms="16" started-at="2018-02-15T11:33:22Z" finished-at="2018-02-15T11:33:22Z">
          <reporter-output>
          </reporter-output>
        </test-method> <!-- endReport -->
      </class> <!-- com.wipro.opencarttest.RegistrationAndAddToCart -->
      <class name="com.wipro.opencarttest.AddingPhones">
        <test-method status="PASS" signature="start()[pri:0, instance:com.wipro.opencarttest.AddingPhones@6d4b1c02]" name="start" is-config="true" duration-ms="7276" started-at="2018-02-15T11:30:56Z" finished-at="2018-02-15T11:31:04Z">
          <reporter-output>
          </reporter-output>
        </test-method> <!-- start -->
        <test-method status="PASS" signature="Addphones(java.lang.String, java.lang.String, java.lang.String, java.lang.String, java.lang.String, java.lang.String)[pri:0, instance:com.wipro.opencarttest.AddingPhones@6d4b1c02]" name="Addphones" duration-ms="131531" started-at="2018-02-15T11:31:04Z" data-provider="ex_read_ord" finished-at="2018-02-15T11:33:15Z">
          <params>
            <param index="0">
              <value>
                <![CDATA[suhasini.seerla@wipro.com]]>
              </value>
            </param>
            <param index="1">
              <value>
                <![CDATA[suhasini]]>
              </value>
            </param>
            <param index="2">
              <value>
                <![CDATA[1]]>
              </value>
            </param>
            <param index="3">
              <value>
                <![CDATA[apple]]>
              </value>
            </param>
            <param index="4">
              <value>
                <![CDATA[hello]]>
              </value>
            </param>
            <param index="5">
              <value>
                <![CDATA[Sample order placed]]>
              </value>
            </param>
          </params>
          <reporter-output>
          </reporter-output>
        </test-method> <!-- Addphones -->
        <test-method status="PASS" signature="end()[pri:0, instance:com.wipro.opencarttest.AddingPhones@6d4b1c02]" name="end" is-config="true" duration-ms="6461" started-at="2018-02-15T11:33:15Z" finished-at="2018-02-15T11:33:22Z">
          <reporter-output>
          </reporter-output>
        </test-method> <!-- end -->
      </class> <!-- com.wipro.opencarttest.AddingPhones -->
      <class name="com.wipro.opencarttest.OrderHistory">
        <test-method status="PASS" signature="start()[pri:0, instance:com.wipro.opencarttest.OrderHistory@6a41eaa2]" name="start" is-config="true" duration-ms="4918" started-at="2018-02-15T11:26:57Z" finished-at="2018-02-15T11:27:02Z">
          <reporter-output>
          </reporter-output>
        </test-method> <!-- start -->
        <test-method status="PASS" signature="Orderhistory(java.lang.String, java.lang.String, java.lang.String, java.lang.String, java.lang.String, java.lang.String)[pri:0, instance:com.wipro.opencarttest.OrderHistory@6a41eaa2]" name="Orderhistory" duration-ms="114138" started-at="2018-02-15T11:27:02Z" data-provider="ex_read_ord" finished-at="2018-02-15T11:28:57Z">
          <params>
            <param index="0">
              <value>
                <![CDATA[suhasini.seerla@wipro.com]]>
              </value>
            </param>
            <param index="1">
              <value>
                <![CDATA[suhasini]]>
              </value>
            </param>
            <param index="2">
              <value>
                <![CDATA[1]]>
              </value>
            </param>
            <param index="3">
              <value>
                <![CDATA[apple]]>
              </value>
            </param>
            <param index="4">
              <value>
                <![CDATA[hello]]>
              </value>
            </param>
            <param index="5">
              <value>
                <![CDATA[Sample order placed]]>
              </value>
            </param>
          </params>
          <reporter-output>
          </reporter-output>
        </test-method> <!-- Orderhistory -->
        <test-method status="PASS" signature="end()[pri:0, instance:com.wipro.opencarttest.OrderHistory@6a41eaa2]" name="end" is-config="true" duration-ms="6561" started-at="2018-02-15T11:28:57Z" finished-at="2018-02-15T11:29:03Z">
          <reporter-output>
          </reporter-output>
        </test-method> <!-- end -->
      </class> <!-- com.wipro.opencarttest.OrderHistory -->
    </test> <!-- Test -->
  </suite> <!-- Suite -->
</testng-results>
